<?xml version="1.0" encoding="UTF-8"?>
<!-- Generated by org.testng.reporters.JUnitReportReporter -->
<testsuite hostname="DESKTOP-JD3EVM2" failures="0" tests="4" name="PensionFundRats.VerifyPensionFund" time="96.923" errors="0" timestamp="2020-04-14T13:07:35 EEST" skipped="0">
  <testcase classname="PensionFundRats.VerifyPensionFund" name="PensionStartSaving" time="36.549"/>
  <system-out/>
  <testcase classname="PensionFundRats.VerifyPensionFund" name="PensionStartSavingMessage" time="12.693"/>
  <system-out/>
  <testcase classname="PensionFundRats.VerifyPensionFund" name="PensionFundPage1" time="25.287"/>
  <system-out/>
  <testcase classname="PensionFundRats.VerifyPensionFund" name="PensionFundPage2" time="22.394"/>
  <system-out/>
</testsuite> <!-- PensionFundRats.VerifyPensionFund -->
